<?xml version="1.0" encoding="UTF-8" ?>
<testsuite tests="1" failures="1" name="test.PostInstance" time="4.639" errors="0" skipped="0">
  <properties>
    <property name="java.runtime.name" value="OpenJDK Runtime Environment"/>
    <property name="java.vm.version" value="11.0.8+10-jvmci-20.2-b03"/>
    <property name="sun.boot.library.path" value="C:\Program Files\graalvm-ce-java11-20.2.0\bin"/>
    <property name="maven.multiModuleProjectDirectory" value="C:\Users\p.krupitsa\Documents\NetBeansProjects\restTest"/>
    <property name="java.vm.vendor" value="GraalVM Community"/>
    <property name="java.vendor.url" value="https://www.graalvm.org/"/>
    <property name="guice.disable.misplaced.annotation.check" value="true"/>
    <property name="path.separator" value=";"/>
    <property name="java.vm.name" value="OpenJDK 64-Bit Server VM"/>
    <property name="sun.os.patch.level" value=""/>
    <property name="user.script" value=""/>
    <property name="user.country" value="RU"/>
    <property name="sun.java.launcher" value="SUN_STANDARD"/>
    <property name="test" value="test.PostInstance"/>
    <property name="java.vm.specification.name" value="Java Virtual Machine Specification"/>
    <property name="user.dir" value="C:\Users\p.krupitsa\Documents\NetBeansProjects\restTest"/>
    <property name="java.vm.compressedOopsMode" value="32-bit"/>
    <property name="java.runtime.version" value="11.0.8+10-jvmci-20.2-b03"/>
    <property name="java.awt.graphicsenv" value="sun.awt.Win32GraphicsEnvironment"/>
    <property name="os.arch" value="amd64"/>
    <property name="java.io.tmpdir" value="C:\Users\PE20C~1.KRU\AppData\Local\Temp\"/>
    <property name="line.separator" value="
"/>
    <property name="java.vm.specification.vendor" value="Oracle Corporation"/>
    <property name="user.variant" value=""/>
    <property name="jdk.internal.vm.ci.enabled" value="true"/>
    <property name="os.name" value="Windows 10"/>
    <property name="maven.ext.class.path" value="C:\Program Files\NetBeans-12.0\netbeans\java\maven-nblib\netbeans-eventspy.jar"/>
    <property name="classworlds.conf" value="C:\Program Files\NetBeans-12.0\netbeans\java\maven\bin\..\bin\m2.conf"/>
    <property name="sun.jnu.encoding" value="Cp1251"/>
    <property name="java.library.path" value="C:\Program Files\graalvm-ce-java11-20.2.0\bin;C:\WINDOWS\Sun\Java\bin;C:\WINDOWS\system32;C:\WINDOWS;C:\ProgramData\Oracle\Java\javapath;C:\WINDOWS\system32;C:\WINDOWS;C:\WINDOWS\System32\Wbem;C:\WINDOWS\System32\WindowsPowerShell\v1.0\;C:\WINDOWS\System32\OpenSSH\;C:\Program Files\Git\cmd;C:\Program Files\Git\mingw64\bin;C:\Program Files\Git\usr\bin;%JAVA_HOME%\bin;C:\Program Files (x86)\Microsoft SQL Server\150\DTS\Binn\;C:\Users\p.krupitsa\AppData\Local\Microsoft\WindowsApps;;."/>
    <property name="maven.conf" value="C:\Program Files\NetBeans-12.0\netbeans\java\maven\bin\../conf"/>
    <property name="jdk.debug" value="release"/>
    <property name="java.class.version" value="55.0"/>
    <property name="java.specification.name" value="Java Platform API Specification"/>
    <property name="sun.management.compiler" value="HotSpot 64-Bit Tiered Compilers"/>
    <property name="os.version" value="10.0"/>
    <property name="library.jansi.path" value="C:\Program Files\NetBeans-12.0\netbeans\java\maven\bin\..\lib\jansi-native"/>
    <property name="user.home" value="C:\Users\p.krupitsa"/>
    <property name="user.timezone" value="Europe/Moscow"/>
    <property name="java.awt.printerjob" value="sun.awt.windows.WPrinterJob"/>
    <property name="file.encoding" value="Cp1251"/>
    <property name="java.specification.version" value="11"/>
    <property name="user.name" value="p.krupitsa"/>
    <property name="java.class.path" value="C:\Program Files\NetBeans-12.0\netbeans\java\maven\bin\..\boot\plexus-classworlds-2.6.0.jar"/>
    <property name="java.vm.specification.version" value="11"/>
    <property name="sun.arch.data.model" value="64"/>
    <property name="sun.java.command" value="org.codehaus.plexus.classworlds.launcher.Launcher -Dtest=test.PostInstance -Dmaven.ext.class.path=C:\Program Files\NetBeans-12.0\netbeans\java\maven-nblib\netbeans-eventspy.jar test-compile surefire:test"/>
    <property name="java.home" value="C:\Program Files\graalvm-ce-java11-20.2.0"/>
    <property name="user.language" value="ru"/>
    <property name="java.specification.vendor" value="Oracle Corporation"/>
    <property name="awt.toolkit" value="sun.awt.windows.WToolkit"/>
    <property name="java.vm.info" value="mixed mode, sharing"/>
    <property name="java.version" value="11.0.8"/>
    <property name="java.vendor" value="GraalVM Community"/>
    <property name="maven.home" value="C:\Program Files\NetBeans-12.0\netbeans\java\maven\bin\.."/>
    <property name="file.separator" value="\"/>
    <property name="java.version.date" value="2020-07-14"/>
    <property name="java.vendor.url.bug" value="https://github.com/oracle/graal/issues"/>
    <property name="sun.io.unicode.encoding" value="UnicodeLittle"/>
    <property name="sun.cpu.endian" value="little"/>
    <property name="java.vendor.version" value="GraalVM CE 20.2.0"/>
    <property name="sun.desktop" value="windows"/>
    <property name="sun.cpu.isalist" value="amd64"/>
  </properties>
  <testcase classname="test.PostInstance" name="createConstantTest" time="4.639">
    <failure message="1 expectation failed.
Expected status code &lt;200&gt; but was &lt;500&gt;.
" type="java.lang.AssertionError">java.lang.AssertionError: 1 expectation failed.
Expected status code &lt;200&gt; but was &lt;500&gt;.

	at java.base/jdk.internal.reflect.NativeConstructorAccessorImpl.newInstance0(Native Method)
	at java.base/jdk.internal.reflect.NativeConstructorAccessorImpl.newInstance(NativeConstructorAccessorImpl.java:62)
	at java.base/jdk.internal.reflect.DelegatingConstructorAccessorImpl.newInstance(DelegatingConstructorAccessorImpl.java:45)
	at java.base/java.lang.reflect.Constructor.newInstance(Constructor.java:490)
	at org.codehaus.groovy.reflection.CachedConstructor.invoke(CachedConstructor.java:83)
	at org.codehaus.groovy.reflection.CachedConstructor.doConstructorInvoke(CachedConstructor.java:77)
	at org.codehaus.groovy.runtime.callsite.ConstructorSite$ConstructorSiteNoUnwrap.callConstructor(ConstructorSite.java:84)
	at org.codehaus.groovy.runtime.callsite.CallSiteArray.defaultCallConstructor(CallSiteArray.java:60)
	at org.codehaus.groovy.runtime.callsite.AbstractCallSite.callConstructor(AbstractCallSite.java:235)
	at org.codehaus.groovy.runtime.callsite.AbstractCallSite.callConstructor(AbstractCallSite.java:247)
	at io.restassured.internal.ResponseSpecificationImpl$HamcrestAssertionClosure.validate(ResponseSpecificationImpl.groovy:471)
	at io.restassured.internal.ResponseSpecificationImpl$HamcrestAssertionClosure$validate$1.call(Unknown Source)
	at org.codehaus.groovy.runtime.callsite.CallSiteArray.defaultCall(CallSiteArray.java:48)
	at org.codehaus.groovy.runtime.callsite.AbstractCallSite.call(AbstractCallSite.java:113)
	at org.codehaus.groovy.runtime.callsite.AbstractCallSite.call(AbstractCallSite.java:125)
	at io.restassured.internal.ResponseSpecificationImpl.validateResponseIfRequired(ResponseSpecificationImpl.groovy:636)
	at java.base/jdk.internal.reflect.NativeMethodAccessorImpl.invoke0(Native Method)
	at java.base/jdk.internal.reflect.NativeMethodAccessorImpl.invoke(NativeMethodAccessorImpl.java:62)
	at java.base/jdk.internal.reflect.DelegatingMethodAccessorImpl.invoke(DelegatingMethodAccessorImpl.java:43)
	at java.base/java.lang.reflect.Method.invoke(Method.java:566)
	at org.codehaus.groovy.runtime.callsite.PogoMetaMethodSite$PogoCachedMethodSiteNoUnwrapNoCoerce.invoke(PogoMetaMethodSite.java:210)
	at org.codehaus.groovy.runtime.callsite.PogoMetaMethodSite.callCurrent(PogoMetaMethodSite.java:59)
	at org.codehaus.groovy.runtime.callsite.CallSiteArray.defaultCallCurrent(CallSiteArray.java:52)
	at org.codehaus.groovy.runtime.callsite.AbstractCallSite.callCurrent(AbstractCallSite.java:154)
	at org.codehaus.groovy.runtime.callsite.AbstractCallSite.callCurrent(AbstractCallSite.java:166)
	at io.restassured.internal.ResponseSpecificationImpl.statusCode(ResponseSpecificationImpl.groovy:122)
	at io.restassured.specification.ResponseSpecification$statusCode$0.callCurrent(Unknown Source)
	at org.codehaus.groovy.runtime.callsite.CallSiteArray.defaultCallCurrent(CallSiteArray.java:52)
	at org.codehaus.groovy.runtime.callsite.AbstractCallSite.callCurrent(AbstractCallSite.java:154)
	at org.codehaus.groovy.runtime.callsite.AbstractCallSite.callCurrent(AbstractCallSite.java:166)
	at io.restassured.internal.ResponseSpecificationImpl.statusCode(ResponseSpecificationImpl.groovy:130)
	at io.restassured.internal.ValidatableResponseOptionsImpl.statusCode(ValidatableResponseOptionsImpl.java:117)
	at test.PostInstance.createConstantTest(PostInstance.java:46)
	at java.base/jdk.internal.reflect.NativeMethodAccessorImpl.invoke0(Native Method)
	at java.base/jdk.internal.reflect.NativeMethodAccessorImpl.invoke(NativeMethodAccessorImpl.java:62)
	at java.base/jdk.internal.reflect.DelegatingMethodAccessorImpl.invoke(DelegatingMethodAccessorImpl.java:43)
	at java.base/java.lang.reflect.Method.invoke(Method.java:566)
	at org.junit.runners.model.FrameworkMethod$1.runReflectiveCall(FrameworkMethod.java:50)
	at org.junit.internal.runners.model.ReflectiveCallable.run(ReflectiveCallable.java:12)
	at org.junit.runners.model.FrameworkMethod.invokeExplosively(FrameworkMethod.java:47)
	at org.junit.internal.runners.statements.RunBefores.evaluate(RunBefores.java:24)
	at org.junit.runners.ParentRunner.runLeaf(ParentRunner.java:325)
	at org.junit.runners.BlockJUnit4ClassRunner.runChild(BlockJUnit4ClassRunner.java:78)
	at org.junit.runners.BlockJUnit4ClassRunner.runChild(BlockJUnit4ClassRunner.java:57)
	at org.junit.runners.ParentRunner$3.run(ParentRunner.java:290)
	at org.junit.runners.ParentRunner$1.schedule(ParentRunner.java:71)
	at org.junit.runners.ParentRunner.runChildren(ParentRunner.java:288)
	at org.junit.runners.ParentRunner.access$000(ParentRunner.java:58)
	at org.junit.runners.ParentRunner$2.evaluate(ParentRunner.java:268)
	at org.junit.runners.ParentRunner.run(ParentRunner.java:363)
	at org.apache.maven.surefire.junit4.JUnit4Provider.execute(JUnit4Provider.java:252)
	at org.apache.maven.surefire.junit4.JUnit4Provider.executeTestSet(JUnit4Provider.java:141)
	at org.apache.maven.surefire.junit4.JUnit4Provider.invoke(JUnit4Provider.java:112)
	at java.base/jdk.internal.reflect.NativeMethodAccessorImpl.invoke0(Native Method)
	at java.base/jdk.internal.reflect.NativeMethodAccessorImpl.invoke(NativeMethodAccessorImpl.java:62)
	at java.base/jdk.internal.reflect.DelegatingMethodAccessorImpl.invoke(DelegatingMethodAccessorImpl.java:43)
	at java.base/java.lang.reflect.Method.invoke(Method.java:566)
	at org.apache.maven.surefire.util.ReflectionUtils.invokeMethodWithArray(ReflectionUtils.java:189)
	at org.apache.maven.surefire.booter.ProviderFactory$ProviderProxy.invoke(ProviderFactory.java:165)
	at org.apache.maven.surefire.booter.ProviderFactory.invokeProvider(ProviderFactory.java:85)
	at org.apache.maven.surefire.booter.ForkedBooter.runSuitesInProcess(ForkedBooter.java:115)
	at org.apache.maven.surefire.booter.ForkedBooter.main(ForkedBooter.java:75)
</failure>
    <system-out>Request method:	POST
Request URI:	http://localhost:8080/rest/constant
Proxy:			&lt;none&gt;
Request params:	&lt;none&gt;
Query params:	&lt;none&gt;
Form params:	&lt;none&gt;
Path params:	&lt;none&gt;
Multiparts:		&lt;none&gt;
Headers:		Authorization=Bearer eyJhbGciOiJSUzI1NiIsInppcCI6IkRFRiJ9.eNpUzEEKwjAUBNC7zLqB5Mcm-d16Blfiokl_sCKtJC0I4t2NuHI3PGbmhbpHDDBE6HDb5papt340QSuKKaiDtk6xniblxCbHmRP10srzuGEwzpBnYmM7LDH_gzwfPwie7ReK5CL1elz3pW2h20tZ71IxnHGqUnB5fwAAAP__.E77rpnXY_j_JtNmW4yo0SepPz_hPnvPwXoKduzhkT-9zRxj0TRCpNS3CzIl1wPMLcsAliwtEFZvpPxi9MIvvIQ
				Accept=application/json
				Content-Type=application/json; charset=UTF-8
Cookies:		&lt;none&gt;
Body:
{
    &quot;mnemo&quot;: &quot;sklad&quot;,
    &quot;value&quot;: &quot;SKLAD&quot;,
    &quot;periodicalDate&quot;: null
}
HTTP/1.1 500 Internal Server Error
Content-Language: 
Content-Type: text/html
Connection: close
Content-Length: 12881
X-Frame-Options: SAMEORIGIN

&lt;html&gt;
  &lt;head&gt;
    &lt;title&gt;Payara Server  5.201 #badassfish - Error report&lt;/title&gt;
    &lt;style type=&quot;text/css&quot;&gt;&amp;lt;!--H1 {font-family:Tahoma,Arial,sans-serif;color:white;background-color:#525D76;font-size:22px;} H2 {font-family:Tahoma,Arial,sans-serif;color:white;background-color:#525D76;font-size:16px;} H3 {font-family:Tahoma,Arial,sans-serif;color:white;background-color:#525D76;font-size:14px;} BODY {font-family:Tahoma,Arial,sans-serif;color:black;background-color:white;} B {font-family:Tahoma,Arial,sans-serif;color:white;background-color:#525D76;} P {font-family:Tahoma,Arial,sans-serif;background:white;color:black;font-size:12px;}A {color : black;}HR {color : #525D76;}--&amp;gt;&lt;/style&gt;
  &lt;/head&gt;
  &lt;body&gt;
    &lt;h1&gt;HTTP Status 500 - Internal Server Error&lt;/h1&gt;
    &lt;hr/&gt;
    &lt;p&gt;
      &lt;b&gt;type&lt;/b&gt;
 Exception report    &lt;/p&gt;
    &lt;p&gt;
      &lt;b&gt;message&lt;/b&gt;
Internal Server Error    &lt;/p&gt;
    &lt;p&gt;
      &lt;b&gt;description&lt;/b&gt;
The server encountered an internal error that prevented it from fulfilling this request.    &lt;/p&gt;
    &lt;p&gt;
      &lt;b&gt;exception&lt;/b&gt;
    &lt;/p&gt;
    &lt;pre&gt;javax.servlet.ServletException: javax.ejb.EJBException: javax.ejb.EJBException: javax.ejb.CreateException: Could not create stateless EJB&lt;/pre&gt;
    &lt;p&gt;
      &lt;b&gt;root cause&lt;/b&gt;
    &lt;/p&gt;
    &lt;pre&gt;javax.ejb.EJBException: javax.ejb.EJBException: javax.ejb.CreateException: Could not create stateless EJB&lt;/pre&gt;
    &lt;p&gt;
      &lt;b&gt;root cause&lt;/b&gt;
    &lt;/p&gt;
    &lt;pre&gt;javax.ejb.EJBException: javax.ejb.CreateException: Could not create stateless EJB&lt;/pre&gt;
    &lt;p&gt;
      &lt;b&gt;root cause&lt;/b&gt;
    &lt;/p&gt;
    &lt;pre&gt;javax.ejb.CreateException: Could not create stateless EJB&lt;/pre&gt;
    &lt;p&gt;
      &lt;b&gt;root cause&lt;/b&gt;
    &lt;/p&gt;
    &lt;pre&gt;Exception [EclipseLink-30005] (Eclipse Persistence Services - 2.7.4.payara-p2): org.eclipse.persistence.exceptions.PersistenceUnitLoadingException
Exception Description: An exception was thrown while searching for persistence archives with ClassLoader: EarClassLoader : 
urlSet = [URLEntry : file:/C:/Users/p.krupitsa/Payara_Server1/glassfish/domains/domain1/applications/rest-ear-0.0.1/rest-ejb-0.0.1_jar/, URLEntry : file:/C:/Users/p.krupitsa/Payara_Server1/glassfish/domains/domain1/generated/ejb/rest-ear-0.0.1/rest-ejb-0.0.1_jar/, URLEntry : file:/C:/Users/p.krupitsa/Payara_Server1/glassfish/domains/domain1/applications/rest-ear-0.0.1/lib/com.argos.dfe-dfe-lib-app-database-0.0.1.jar, URLEntry : file:/C:/Users/p.krupitsa/Payara_Server1/glassfish/domains/domain1/applications/rest-ear-0.0.1/lib/org.eclipse.persistence-org.eclipse.persistence.core-2.7.7.jar, URLEntry : file:/C:/Users/p.krupitsa/Payara_Server1/glassfish/domains/domain1/applications/rest-ear-0.0.1/lib/org.eclipse.persistence-org.eclipse.persistence.asm-2.7.7.jar, URLEntry : file:/C:/Users/p.krupitsa/Payara_Server1/glassfish/domains/domain1/applications/rest-ear-0.0.1/lib/org.eclipse.persistence-org.eclipse.persistence.antlr-2.7.7.jar, URLEntry : file:/C:/Users/p.krupitsa/Payara_Server1/glassfish/domains/domain1/applications/rest-ear-0.0.1/lib/org.eclipse.persistence-org.eclipse.persistence.jpa-2.7.7.jar, URLEntry : file:/C:/Users/p.krupitsa/Payara_Server1/glassfish/domains/domain1/applications/rest-ear-0.0.1/lib/org.eclipse.persistence-jakarta.persistence-2.2.3.jar, URLEntry : file:/C:/Users/p.krupitsa/Payara_Server1/glassfish/domains/domain1/applications/rest-ear-0.0.1/lib/org.eclipse.persistence-org.eclipse.persistence.jpa.jpql-2.7.7.jar, URLEntry : file:/C:/Users/p.krupitsa/Payara_Server1/glassfish/domains/domain1/applications/rest-ear-0.0.1/lib/com.argos.dfe-dfe-lib-core-database-0.0.1.jar, URLEntry : file:/C:/Users/p.krupitsa/Payara_Server1/glassfish/domains/domain1/applications/rest-ear-0.0.1/lib/com.microsoft.sqlserver-mssql-jdbc-8.4.1.jre8.jar, URLEntry : file:/C:/Users/p.krupitsa/Payara_Server1/glassfish/domains/domain1/applications/rest-ear-0.0.1/lib/org.eclipse.persistence-javax.persistence-2.2.1.jar, URLEntry : file:/C:/Users/p.krupitsa/Payara_Server1/glassfish/domains/domain1/applications/rest-ear-0.0.1/lib/org.xerial-sqlite-jdbc-3.28.0.jar, URLEntry : file:/C:/Users/p.krupitsa/Payara_Server1/glassfish/domains/domain1/applications/rest-ear-0.0.1/lib/javax-javaee-web-api-7.0.jar, URLEntry : file:/C:/Users/p.krupitsa/Payara_Server1/glassfish/domains/domain1/applications/rest-ear-0.0.1/lib/com.h2database-h2-1.4.200.jar, URLEntry : file:/C:/Users/p.krupitsa/Payara_Server1/glassfish/domains/domain1/applications/rest-ear-0.0.1/lib/com.argos.dfe-dfe-lib-bus-blobstore-0.0.1.jar, URLEntry : file:/C:/Users/p.krupitsa/Payara_Server1/glassfish/domains/domain1/applications/rest-ear-0.0.1/lib/com.argos.dfe-dfe-lib-blobstore-0.0.1.jar, URLEntry : file:/C:/Users/p.krupitsa/Payara_Server1/glassfish/domains/domain1/applications/rest-ear-0.0.1/lib/javax.json-javax.json-api-1.1.4.jar, URLEntry : file:/C:/Users/p.krupitsa/Payara_Server1/glassfish/domains/domain1/applications/rest-ear-0.0.1/lib/org.glassfish-javax.json-1.0.4.jar, URLEntry : file:/C:/Users/p.krupitsa/Payara_Server1/glassfish/domains/domain1/applications/rest-ear-0.0.1/lib/org.eclipse-yasson-1.0.8.jar, URLEntry : file:/C:/Users/p.krupitsa/Payara_Server1/glassfish/domains/domain1/applications/rest-ear-0.0.1/lib/jakarta.json.bind-jakarta.json.bind-api-1.0.2.jar, URLEntry : file:/C:/Users/p.krupitsa/Payara_Server1/glassfish/domains/domain1/applications/rest-ear-0.0.1/lib/jakarta.json-jakarta.json-api-1.1.6.jar, URLEntry : file:/C:/Users/p.krupitsa/Payara_Server1/glassfish/domains/domain1/applications/rest-ear-0.0.1/lib/org.glassfish-jakarta.json-1.1.6-module.jar, URLEntry : file:/C:/Users/p.krupitsa/Payara_Server1/glassfish/domains/domain1/applications/rest-ear-0.0.1/lib/com.argos.dfe-dfe-lib-module-0.0.1.jar, URLEntry : file:/C:/Users/p.krupitsa/Payara_Server1/glassfish/domains/domain1/applications/rest-ear-0.0.1/lib/com.argos.dfe-dfe-lib-entity2-0.0.1.jar, URLEntry : file:/C:/Users/p.krupitsa/Payara_Server1/glassfish/domains/domain1/applications/rest-ear-0.0.1/lib/org.hibernate-hibernate-validator-5.2.4.Final.jar, URLEntry : file:/C:/Users/p.krupitsa/Payara_Server1/glassfish/domains/domain1/applications/rest-ear-0.0.1/lib/javax.validation-validation-api-1.1.0.Final.jar, URLEntry : file:/C:/Users/p.krupitsa/Payara_Server1/glassfish/domains/domain1/applications/rest-ear-0.0.1/lib/org.jboss.logging-jboss-logging-3.2.1.Final.jar, URLEntry : file:/C:/Users/p.krupitsa/Payara_Server1/glassfish/domains/domain1/applications/rest-ear-0.0.1/lib/com.fasterxml-classmate-1.1.0.jar, URLEntry : file:/C:/Users/p.krupitsa/Payara_Server1/glassfish/domains/domain1/applications/rest-ear-0.0.1/lib/com.argos.dfe-dfe-lib-auth-jwt-0.0.1.jar, URLEntry : file:/C:/Users/p.krupitsa/Payara_Server1/glassfish/domains/domain1/applications/rest-ear-0.0.1/lib/com.argos.dfe-dfe-lib-properties-0.0.1.jar, URLEntry : file:/C:/Users/p.krupitsa/Payara_Server1/glassfish/domains/domain1/applications/rest-ear-0.0.1/lib/com.argos.dfe-dfe-lib-keystore-0.0.1.jar, URLEntry : file:/C:/Users/p.krupitsa/Payara_Server1/glassfish/domains/domain1/applications/rest-ear-0.0.1/lib/org.bouncycastle-bcpkix-jdk15to18-1.66.jar, URLEntry : file:/C:/Users/p.krupitsa/Payara_Server1/glassfish/domains/domain1/applications/rest-ear-0.0.1/lib/org.bouncycastle-bcprov-jdk15to18-1.66.jar, URLEntry : file:/C:/Users/p.krupitsa/Payara_Server1/glassfish/domains/domain1/applications/rest-ear-0.0.1/lib/io.jsonwebtoken-jjwt-0.9.1.jar, URLEntry : file:/C:/Users/p.krupitsa/Payara_Server1/glassfish/domains/domain1/applications/rest-ear-0.0.1/lib/com.fasterxml.jackson.core-jackson-databind-2.9.6.jar, URLEntry : file:/C:/Users/p.krupitsa/Payara_Server1/glassfish/domains/domain1/applications/rest-ear-0.0.1/lib/com.fasterxml.jackson.core-jackson-annotations-2.9.0.jar, URLEntry : file:/C:/Users/p.krupitsa/Payara_Server1/glassfish/domains/domain1/applications/rest-ear-0.0.1/lib/com.fasterxml.jackson.core-jackson-core-2.9.6.jar, URLEntry : file:/C:/Users/p.krupitsa/Payara_Server1/glassfish/domains/domain1/applications/rest-ear-0.0.1/lib/com.argos.dfe-dfe-lib-bus-0.0.1.jar, URLEntry : file:/C:/Users/p.krupitsa/Payara_Server1/glassfish/domains/domain1/applications/rest-ear-0.0.1/lib/com.argos.dfe-dfe-lib-bus-log-0.0.1.jar, URLEntry : file:/C:/Users/p.krupitsa/Payara_Server1/glassfish/domains/domain1/applications/rest-ear-0.0.1/lib/org.glassfish.mq-imq-5.1.jar, URLEntry : file:/C:/Users/p.krupitsa/Payara_Server1/glassfish/domains/domain1/applications/rest-ear-0.0.1/lib/javax.jms-javax.jms-api-2.0.jar, URLEntry : file:/C:/Users/p.krupitsa/Payara_Server1/glassfish/domains/domain1/applications/rest-ear-0.0.1/lib/org.glassfish.mq-imqxm-5.1.jar, URLEntry : file:/C:/Users/p.krupitsa/Payara_Server1/glassfish/domains/domain1/applications/rest-ear-0.0.1/lib/org.glassfish.mq-jaxm-api-5.1.jar, URLEntry : file:/C:/Users/p.krupitsa/Payara_Server1/glassfish/domains/domain1/applications/rest-ear-0.0.1/lib/org.glassfish.mq-imqutil-5.1.jar, URLEntry : file:/C:/Users/p.krupitsa/Payara_Server1/glassfish/domains/domain1/applications/rest-ear-0.0.1/lib/com.argos.dfe-dfe-lib-dto-0.0.1.jar, URLEntry : file:/C:/Users/p.krupitsa/Payara_Server1/glassfish/domains/domain1/applications/rest-ear-0.0.1/lib/com.google.code.gson-gson-2.8.6.jar, URLEntry : file:/C:/Users/p.krupitsa/Payara_Server1/glassfish/domains/domain1/applications/rest-ear-0.0.1/lib/javax-javaee-api-7.0.jar, URLEntry : file:/C:/Users/p.krupitsa/Payara_Server1/glassfish/domains/domain1/applications/rest-ear-0.0.1/lib/com.sun.mail-javax.mail-1.5.0.jar, URLEntry : file:/C:/Users/p.krupitsa/Payara_Server1/glassfish/domains/domain1/applications/rest-ear-0.0.1/lib/javax.activation-activation-1.1.jar, URLEntry : file:/C:/Users/p.krupitsa/Payara_Server1/glassfish/domains/domain1/applications/rest-ear-0.0.1/lib/com.argos.dfe-dfe-lib-auth-0.0.1.jar, URLEntry : file:/C:/Users/p.krupitsa/Payara_Server1/glassfish/domains/domain1/applications/rest-ear-0.0.1/lib/org.apache.commons-commons-lang3-3.11.jar, URLEntry : file:/C:/Users/p.krupitsa/Payara_Server1/glassfish/domains/domain1/applications/rest-ear-0.0.1/lib/commons-codec-commons-codec-1.15.jar]
doneCalled = false 
 Parent -&amp;gt; org.glassfish.internal.api.DelegatingClassLoader@4a898306

Internal Exception: javax.persistence.PersistenceException: Exception [EclipseLink-28018] (Eclipse Persistence Services - 2.7.4.payara-p2): org.eclipse.persistence.exceptions.EntityManagerSetupException
Exception Description: Predeployment of PersistenceUnit [ee_appstore_0.0.1PU] failed.
Internal Exception: Exception [EclipseLink-7250] (Eclipse Persistence Services - 2.7.4.payara-p2): org.eclipse.persistence.exceptions.ValidationException
Exception Description: [class com.argos.dfe.lib.core.database.userdata.document.DocumentHeadDetails] uses a non-entity [class com.argos.dfe.lib.core.database.userdata.document.DocumentRecord] as target entity in the relationship attribute [field document].&lt;/pre&gt;
    &lt;p&gt;
      &lt;b&gt;root cause&lt;/b&gt;
    &lt;/p&gt;
    &lt;pre&gt;javax.persistence.PersistenceException: Exception [EclipseLink-28018] (Eclipse Persistence Services - 2.7.4.payara-p2): org.eclipse.persistence.exceptions.EntityManagerSetupException
Exception Description: Predeployment of PersistenceUnit [ee_appstore_0.0.1PU] failed.
Internal Exception: Exception [EclipseLink-7250] (Eclipse Persistence Services - 2.7.4.payara-p2): org.eclipse.persistence.exceptions.ValidationException
Exception Description: [class com.argos.dfe.lib.core.database.userdata.document.DocumentHeadDetails] uses a non-entity [class com.argos.dfe.lib.core.database.userdata.document.DocumentRecord] as target entity in the relationship attribute [field document].&lt;/pre&gt;
    &lt;p&gt;
      &lt;b&gt;root cause&lt;/b&gt;
    &lt;/p&gt;
    &lt;pre&gt;Exception [EclipseLink-28018] (Eclipse Persistence Services - 2.7.4.payara-p2): org.eclipse.persistence.exceptions.EntityManagerSetupException
Exception Description: Predeployment of PersistenceUnit [ee_appstore_0.0.1PU] failed.
Internal Exception: Exception [EclipseLink-7250] (Eclipse Persistence Services - 2.7.4.payara-p2): org.eclipse.persistence.exceptions.ValidationException
Exception Description: [class com.argos.dfe.lib.core.database.userdata.document.DocumentHeadDetails] uses a non-entity [class com.argos.dfe.lib.core.database.userdata.document.DocumentRecord] as target entity in the relationship attribute [field document].&lt;/pre&gt;
    &lt;p&gt;
      &lt;b&gt;root cause&lt;/b&gt;
    &lt;/p&gt;
    &lt;pre&gt;Exception [EclipseLink-7250] (Eclipse Persistence Services - 2.7.4.payara-p2): org.eclipse.persistence.exceptions.ValidationException
Exception Description: [class com.argos.dfe.lib.core.database.userdata.document.DocumentHeadDetails] uses a non-entity [class com.argos.dfe.lib.core.database.userdata.document.DocumentRecord] as target entity in the relationship attribute [field document].&lt;/pre&gt;
    &lt;p&gt;
      &lt;b&gt;note&lt;/b&gt;
      &lt;u&gt;The full stack traces of the exception and its root causes are available in the Payara Server  5.201 #badassfish logs.&lt;/u&gt;
    &lt;/p&gt;
    &lt;hr/&gt;
    &lt;h3&gt;Payara Server  5.201 #badassfish&lt;/h3&gt;
  &lt;/body&gt;
&lt;/html&gt;
</system-out>
  </testcase>
</testsuite>